# Timestep     No_Moles     No_Specs     C19H20O4	C11H18N2	
1000          6          2	 4	 2	
# Timestep     No_Moles     No_Specs     C19H20O4	C11H18N2	
2000          6          2	 4	 2	
# Timestep     No_Moles     No_Specs     C19H20O4	C11H18N2	
3000          6          2	 4	 2	
# Timestep     No_Moles     No_Specs     C19H20O4	C11H18N2	
4000          6          2	 4	 2	
# Timestep     No_Moles     No_Specs     C19H20O4	C11H18N2	
5000          6          2	 4	 2	
# Timestep     No_Moles     No_Specs     C19H20O4	C11H18N2	
6000          6          2	 4	 2	
# Timestep     No_Moles     No_Specs     C19H20O4	C11H18N2	
7000          6          2	 4	 2	
# Timestep     No_Moles     No_Specs     C19H20O4	C11H18N2	
8000          6          2	 4	 2	
# Timestep     No_Moles     No_Specs     C19H20O4	C11H18N2	
9000          6          2	 4	 2	
# Timestep     No_Moles     No_Specs     C19H20O4	C11H18N2	
10000          6          2	 4	 2	
# Timestep     No_Moles     No_Specs     C19H20O4	C11H18N2	
11000          6          2	 4	 2	
# Timestep     No_Moles     No_Specs     C19H20O4	C11H18N2	
12000          6          2	 4	 2	
# Timestep     No_Moles     No_Specs     C19H20O4	C11H18N2	
13000          6          2	 4	 2	
# Timestep     No_Moles     No_Specs     C19H20O4	C11H18N2	
14000          6          2	 4	 2	
# Timestep     No_Moles     No_Specs     C19H20O4	C11H18N2	
15000          6          2	 4	 2	
# Timestep     No_Moles     No_Specs     C19H20O4	C11H18N2	
16000          6          2	 4	 2	
# Timestep     No_Moles     No_Specs     C19H20O4	C11H18N2	
17000          6          2	 4	 2	
# Timestep     No_Moles     No_Specs     C19H20O4	C11H18N2	
18000          6          2	 4	 2	
# Timestep     No_Moles     No_Specs     C19H20O4	C11H18N2	
19000          6          2	 4	 2	
# Timestep     No_Moles     No_Specs     C19H20O4	C11H18N2	
20000          6          2	 4	 2	
# Timestep     No_Moles     No_Specs     C19H20O4	C11H18N2	
21000          6          2	 4	 2	
# Timestep     No_Moles     No_Specs     C19H20O4	C11H18N2	
22000          6          2	 4	 2	
# Timestep     No_Moles     No_Specs     C19H20O4	C11H18N2	
23000          6          2	 4	 2	
# Timestep     No_Moles     No_Specs     C19H20O4	C11H18N2	
24000          6          2	 4	 2	
# Timestep     No_Moles     No_Specs     C19H20O4	C11H18N2	
25000          6          2	 4	 2	
# Timestep     No_Moles     No_Specs     C19H20O4	C11H18N2	
26000          6          2	 4	 2	
# Timestep     No_Moles     No_Specs     C19H20O4	C11H18N2	
27000          6          2	 4	 2	
# Timestep     No_Moles     No_Specs     C19H20O4	C11H18N2	
28000          6          2	 4	 2	
# Timestep     No_Moles     No_Specs     C19H20O4	C11H18N2	
29000          6          2	 4	 2	
# Timestep     No_Moles     No_Specs     C19H20O4	C11H18N2	
30000          6          2	 4	 2	
# Timestep     No_Moles     No_Specs     C19H20O4	C11H18N2	
31000          6          2	 4	 2	
# Timestep     No_Moles     No_Specs     C19H20O4	C11H18N2	
32000          6          2	 4	 2	
# Timestep     No_Moles     No_Specs     C19H20O4	C11H18N2	
33000          6          2	 4	 2	
# Timestep     No_Moles     No_Specs     C19H20O4	C11H18N2	
34000          6          2	 4	 2	
# Timestep     No_Moles     No_Specs     C19H20O4	C11H18N2	
35000          6          2	 4	 2	
# Timestep     No_Moles     No_Specs     C19H20O4	C11H18N2	
36000          6          2	 4	 2	
# Timestep     No_Moles     No_Specs     C19H20O4	C11H18N2	
37000          6          2	 4	 2	
# Timestep     No_Moles     No_Specs     C19H20O4	C11H18N2	
38000          6          2	 4	 2	
# Timestep     No_Moles     No_Specs     C19H20O4	C11H18N2	
39000          6          2	 4	 2	
# Timestep     No_Moles     No_Specs     C19H20O4	C11H18N2	
40000          6          2	 4	 2	
# Timestep     No_Moles     No_Specs     C19H20O4	C11H18N2	
41000          6          2	 4	 2	
# Timestep     No_Moles     No_Specs     C19H20O4	C11H18N2	
42000          6          2	 4	 2	
# Timestep     No_Moles     No_Specs     C19H20O4	C11H18N2	
43000          6          2	 4	 2	
# Timestep     No_Moles     No_Specs     C19H20O4	C11H18N2	
44000          6          2	 4	 2	
# Timestep     No_Moles     No_Specs     C19H20O4	C11H18N2	
45000          6          2	 4	 2	
# Timestep     No_Moles     No_Specs     C19H20O4	C11H18N2	
46000          6          2	 4	 2	
# Timestep     No_Moles     No_Specs     C19H20O4	C11H18N2	
47000          6          2	 4	 2	
# Timestep     No_Moles     No_Specs     C19H20O4	C11H18N2	
48000          6          2	 4	 2	
# Timestep     No_Moles     No_Specs     C19H20O4	C11H18N2	
49000          6          2	 4	 2	
# Timestep     No_Moles     No_Specs     C19H20O4	C11H18N2	
50000          6          2	 4	 2	
# Timestep     No_Moles     No_Specs     C19H20O4	C11H18N2	
51000          6          2	 4	 2	
# Timestep     No_Moles     No_Specs     C19H20O4	C11H18N2	
52000          6          2	 4	 2	
# Timestep     No_Moles     No_Specs     C19H20O4	C11H18N2	
53000          6          2	 4	 2	
# Timestep     No_Moles     No_Specs     C19H20O4	C11H18N2	
54000          6          2	 4	 2	
# Timestep     No_Moles     No_Specs     C19H20O4	C11H18N2	
55000          6          2	 4	 2	
# Timestep     No_Moles     No_Specs     C19H20O4	C11H18N2	
56000          6          2	 4	 2	
# Timestep     No_Moles     No_Specs     C19H20O4	C11H18N2	
57000          6          2	 4	 2	
# Timestep     No_Moles     No_Specs     C19H20O4	C30H38O4N2	C11H18N2	
58000          5          3	 3	 1	 1	
# Timestep     No_Moles     No_Specs     C19H20O4	C11H18N2	
59000          6          2	 4	 2	
# Timestep     No_Moles     No_Specs     C19H20O4	C11H18N2	
60000          6          2	 4	 2	
# Timestep     No_Moles     No_Specs     C19H20O4	C30H38O4N2	C11H18N2	
61000          5          3	 3	 1	 1	
# Timestep     No_Moles     No_Specs     C19H20O4	C30H38O4N2	C11H18N2	
62000          5          3	 3	 1	 1	
# Timestep     No_Moles     No_Specs     C19H20O4	C11H18N2	
63000          6          2	 4	 2	
# Timestep     No_Moles     No_Specs     C19H20O4	C11H18N2	
64000          6          2	 4	 2	
# Timestep     No_Moles     No_Specs     C19H20O4	C30H38O4N2	C11H18N2	
65000          5          3	 3	 1	 1	
# Timestep     No_Moles     No_Specs     C19H20O4	C11H18N2	
66000          6          2	 4	 2	
# Timestep     No_Moles     No_Specs     C19H20O4	C11H18N2	
67000          6          2	 4	 2	
# Timestep     No_Moles     No_Specs     C19H20O4	C11H18N2	
68000          6          2	 4	 2	
# Timestep     No_Moles     No_Specs     C19H20O4	C11H18N2	
69000          6          2	 4	 2	
# Timestep     No_Moles     No_Specs     C19H20O4	C11H18N2	
70000          6          2	 4	 2	
# Timestep     No_Moles     No_Specs     C19H20O4	C11H18N2	
71000          6          2	 4	 2	
# Timestep     No_Moles     No_Specs     C19H20O4	C11H18N2	
72000          6          2	 4	 2	
# Timestep     No_Moles     No_Specs     C19H20O4	C11H18N2	
73000          6          2	 4	 2	
# Timestep     No_Moles     No_Specs     C19H20O4	C11H18N2	
74000          6          2	 4	 2	
# Timestep     No_Moles     No_Specs     C19H20O4	C11H18N2	
75000          6          2	 4	 2	
# Timestep     No_Moles     No_Specs     C19H20O4	C11H18N2	
76000          6          2	 4	 2	
# Timestep     No_Moles     No_Specs     C19H20O4	C11H18N2	
77000          6          2	 4	 2	
# Timestep     No_Moles     No_Specs     C19H20O4	C11H18N2	
78000          6          2	 4	 2	
# Timestep     No_Moles     No_Specs     C19H20O4	C11H18N2	
79000          6          2	 4	 2	
# Timestep     No_Moles     No_Specs     C19H20O4	C11H18N2	
80000          6          2	 4	 2	
# Timestep     No_Moles     No_Specs     C19H20O4	C11H18N2	
81000          6          2	 4	 2	
# Timestep     No_Moles     No_Specs     C19H20O4	C11H18N2	
82000          6          2	 4	 2	
# Timestep     No_Moles     No_Specs     C19H20O4	C11H18N2	
83000          6          2	 4	 2	
# Timestep     No_Moles     No_Specs     C19H20O4	C11H18N2	
84000          6          2	 4	 2	
# Timestep     No_Moles     No_Specs     C19H20O4	C11H18N2	
85000          6          2	 4	 2	
# Timestep     No_Moles     No_Specs     C19H20O4	C11H18N2	
86000          6          2	 4	 2	
# Timestep     No_Moles     No_Specs     C19H20O4	C11H18N2	
87000          6          2	 4	 2	
# Timestep     No_Moles     No_Specs     C19H20O4	C11H18N2	
88000          6          2	 4	 2	
# Timestep     No_Moles     No_Specs     C19H20O4	C11H18N2	
89000          6          2	 4	 2	
# Timestep     No_Moles     No_Specs     C19H20O4	C11H18N2	
90000          6          2	 4	 2	
# Timestep     No_Moles     No_Specs     C19H20O4	C11H18N2	
91000          6          2	 4	 2	
# Timestep     No_Moles     No_Specs     C19H20O4	C11H18N2	
92000          6          2	 4	 2	
# Timestep     No_Moles     No_Specs     C19H20O4	C11H18N2	
93000          6          2	 4	 2	
# Timestep     No_Moles     No_Specs     C19H20O4	C11H18N2	
94000          6          2	 4	 2	
# Timestep     No_Moles     No_Specs     C19H20O4	C11H18N2	
95000          6          2	 4	 2	
# Timestep     No_Moles     No_Specs     C19H20O4	C11H18N2	
96000          6          2	 4	 2	
# Timestep     No_Moles     No_Specs     C19H20O4	C11H18N2	
97000          6          2	 4	 2	
# Timestep     No_Moles     No_Specs     C19H20O4	C11H18N2	
98000          6          2	 4	 2	
# Timestep     No_Moles     No_Specs     C19H20O4	C11H18N2	
99000          6          2	 4	 2	
# Timestep     No_Moles     No_Specs     C19H20O4	C11H18N2	
100000          6          2	 4	 2	
# Timestep     No_Moles     No_Specs     C19H20O4	C11H18N2	
101000          6          2	 4	 2	
# Timestep     No_Moles     No_Specs     C19H20O4	C11H18N2	
102000          6          2	 4	 2	
# Timestep     No_Moles     No_Specs     C19H20O4	C11H18N2	
103000          6          2	 4	 2	
# Timestep     No_Moles     No_Specs     C19H20O4	C11H18N2	
104000          6          2	 4	 2	
# Timestep     No_Moles     No_Specs     C19H20O4	C30H38O4N2	C11H18N2	
105000          5          3	 3	 1	 1	
# Timestep     No_Moles     No_Specs     C19H20O4	C11H18N2	
106000          6          2	 4	 2	
# Timestep     No_Moles     No_Specs     C19H20O4	C11H18N2	
107000          6          2	 4	 2	
# Timestep     No_Moles     No_Specs     C19H20O4	C11H18N2	
108000          6          2	 4	 2	
# Timestep     No_Moles     No_Specs     C19H20O4	C30H38O4N2	C11H18N2	
109000          5          3	 3	 1	 1	
# Timestep     No_Moles     No_Specs     C19H20O4	C11H18N2	
110000          6          2	 4	 2	
# Timestep     No_Moles     No_Specs     C19H20O4	C11H18N2	
111000          6          2	 4	 2	
# Timestep     No_Moles     No_Specs     C19H20O4	C11H18N2	
112000          6          2	 4	 2	
# Timestep     No_Moles     No_Specs     C19H20O4	C11H18N2	
113000          6          2	 4	 2	
# Timestep     No_Moles     No_Specs     C19H20O4	C11H18N2	
114000          6          2	 4	 2	
# Timestep     No_Moles     No_Specs     C19H20O4	C11H18N2	
115000          6          2	 4	 2	
# Timestep     No_Moles     No_Specs     C19H20O4	C11H18N2	
116000          6          2	 4	 2	
# Timestep     No_Moles     No_Specs     C19H20O4	C11H18N2	
117000          6          2	 4	 2	
# Timestep     No_Moles     No_Specs     C19H20O4	C11H18N2	
118000          6          2	 4	 2	
# Timestep     No_Moles     No_Specs     C19H20O4	C30H38O4N2	C11H18N2	
119000          5          3	 3	 1	 1	
# Timestep     No_Moles     No_Specs     C19H20O4	C30H38O4N2	C11H18N2	
120000          5          3	 3	 1	 1	
# Timestep     No_Moles     No_Specs     C19H20O4	C30H38O4N2	C11H18N2	
121000          5          3	 3	 1	 1	
# Timestep     No_Moles     No_Specs     C19H20O4	C30H38O4N2	C11H18N2	
122000          5          3	 3	 1	 1	
# Timestep     No_Moles     No_Specs     C19H20O4	C30H38O4N2	C11H18N2	
123000          5          3	 3	 1	 1	
# Timestep     No_Moles     No_Specs     C19H20O4	C30H38O4N2	C11H18N2	
124000          5          3	 3	 1	 1	
# Timestep     No_Moles     No_Specs     C19H20O4	C30H38O4N2	C11H18N2	
125000          5          3	 3	 1	 1	
# Timestep     No_Moles     No_Specs     C19H20O4	C30H38O4N2	C11H18N2	
126000          5          3	 3	 1	 1	
# Timestep     No_Moles     No_Specs     C19H20O4	C30H38O4N2	C11H18N2	
127000          5          3	 3	 1	 1	
# Timestep     No_Moles     No_Specs     C19H20O4	C30H38O4N2	C11H18N2	
128000          5          3	 3	 1	 1	
# Timestep     No_Moles     No_Specs     C30H38O4N2	C19H20O4	
129000          4          2	 2	 2	
# Timestep     No_Moles     No_Specs     C19H20O4	C30H38O4N2	C11H18N2	
130000          5          3	 3	 1	 1	
# Timestep     No_Moles     No_Specs     C19H20O4	C30H38O4N2	C11H18N2	
131000          5          3	 3	 1	 1	
# Timestep     No_Moles     No_Specs     C19H20O4	C30H38O4N2	C11H18N2	
132000          5          3	 3	 1	 1	
# Timestep     No_Moles     No_Specs     C19H20O4	C30H38O4N2	C11H18N2	
133000          5          3	 3	 1	 1	
# Timestep     No_Moles     No_Specs     C19H20O4	C30H38O4N2	C11H18N2	
134000          5          3	 3	 1	 1	
# Timestep     No_Moles     No_Specs     C30H38O4N2	C19H20O4	
135000          4          2	 2	 2	
# Timestep     No_Moles     No_Specs     C19H20O4	C30H38O4N2	C11H18N2	
136000          5          3	 3	 1	 1	
# Timestep     No_Moles     No_Specs     C19H20O4	C30H38O4N2	C11H18N2	
137000          5          3	 3	 1	 1	
# Timestep     No_Moles     No_Specs     C19H20O4	C30H38O4N2	C11H18N2	
138000          5          3	 3	 1	 1	
# Timestep     No_Moles     No_Specs     C19H20O4	C30H38O4N2	C11H18N2	
139000          5          3	 3	 1	 1	
# Timestep     No_Moles     No_Specs     C19H20O4	C30H38O4N2	C11H18N2	
140000          5          3	 3	 1	 1	
# Timestep     No_Moles     No_Specs     C19H20O4	C30H38O4N2	C11H18N2	
141000          5          3	 3	 1	 1	
# Timestep     No_Moles     No_Specs     C19H20O4	C30H38O4N2	C11H18N2	
142000          5          3	 3	 1	 1	
# Timestep     No_Moles     No_Specs     C19H20O4	C30H38O4N2	C11H18N2	
143000          5          3	 3	 1	 1	
# Timestep     No_Moles     No_Specs     C19H20O4	C30H38O4N2	
144000          4          2	 2	 2	
# Timestep     No_Moles     No_Specs     C19H20O4	C30H38O4N2	
145000          4          2	 2	 2	
# Timestep     No_Moles     No_Specs     C19H20O4	C30H38O4N2	
146000          4          2	 2	 2	
# Timestep     No_Moles     No_Specs     C19H20O4	C30H38O4N2	
147000          4          2	 2	 2	
# Timestep     No_Moles     No_Specs     C19H20O4	C30H38O4N2	
148000          4          2	 2	 2	
# Timestep     No_Moles     No_Specs     C19H20O4	C30H38O4N2	
149000          4          2	 2	 2	
# Timestep     No_Moles     No_Specs     C19H20O4	C30H38O4N2	
150000          4          2	 2	 2	
# Timestep     No_Moles     No_Specs     C19H20O4	C30H38O4N2	
151000          4          2	 2	 2	
# Timestep     No_Moles     No_Specs     C19H20O4	C30H38O4N2	
152000          4          2	 2	 2	
# Timestep     No_Moles     No_Specs     C19H20O4	C30H38O4N2	
153000          4          2	 2	 2	
# Timestep     No_Moles     No_Specs     C19H20O4	C30H38O4N2	
154000          4          2	 2	 2	
# Timestep     No_Moles     No_Specs     C19H20O4	C30H38O4N2	
155000          4          2	 2	 2	
# Timestep     No_Moles     No_Specs     C19H20O4	C30H38O4N2	
156000          4          2	 2	 2	
# Timestep     No_Moles     No_Specs     C19H20O4	C30H38O4N2	
157000          4          2	 2	 2	
# Timestep     No_Moles     No_Specs     C19H20O4	C30H38O4N2	
158000          4          2	 2	 2	
# Timestep     No_Moles     No_Specs     C19H20O4	C30H38O4N2	
159000          4          2	 2	 2	
# Timestep     No_Moles     No_Specs     C19H20O4	C30H38O4N2	
160000          4          2	 2	 2	
# Timestep     No_Moles     No_Specs     C19H20O4	C30H38O4N2	
161000          4          2	 2	 2	
# Timestep     No_Moles     No_Specs     C19H20O4	C30H38O4N2	
162000          4          2	 2	 2	
# Timestep     No_Moles     No_Specs     C19H20O4	C30H38O4N2	
163000          4          2	 2	 2	
# Timestep     No_Moles     No_Specs     C19H20O4	C30H38O4N2	
164000          4          2	 2	 2	
# Timestep     No_Moles     No_Specs     C19H20O4	C30H38O4N2	
165000          4          2	 2	 2	
# Timestep     No_Moles     No_Specs     C19H20O4	C30H38O4N2	
166000          4          2	 2	 2	
# Timestep     No_Moles     No_Specs     C19H20O4	C30H38O4N2	
167000          4          2	 2	 2	
# Timestep     No_Moles     No_Specs     C19H20O4	C30H38O4N2	
168000          4          2	 2	 2	
# Timestep     No_Moles     No_Specs     C19H20O4	C30H38O4N2	
169000          4          2	 2	 2	
# Timestep     No_Moles     No_Specs     C19H20O4	C30H38O4N2	
170000          4          2	 2	 2	
# Timestep     No_Moles     No_Specs     C19H20O4	C30H38O4N2	
171000          4          2	 2	 2	
# Timestep     No_Moles     No_Specs     C19H20O4	C30H38O4N2	
172000          4          2	 2	 2	
# Timestep     No_Moles     No_Specs     C19H20O4	C30H38O4N2	
173000          4          2	 2	 2	
# Timestep     No_Moles     No_Specs     C19H20O4	C30H38O4N2	
174000          4          2	 2	 2	
# Timestep     No_Moles     No_Specs     C19H20O4	C30H38O4N2	
175000          4          2	 2	 2	
# Timestep     No_Moles     No_Specs     C19H20O4	C30H38O4N2	
176000          4          2	 2	 2	
# Timestep     No_Moles     No_Specs     C19H20O4	C30H38O4N2	
177000          4          2	 2	 2	
# Timestep     No_Moles     No_Specs     C19H20O4	C30H38O4N2	
178000          4          2	 2	 2	
# Timestep     No_Moles     No_Specs     C19H20O4	C30H38O4N2	
179000          4          2	 2	 2	
# Timestep     No_Moles     No_Specs     C19H20O4	C49H58O8N2	C30H38O4N2	
180000          3          3	 1	 1	 1	
# Timestep     No_Moles     No_Specs     C19H20O4	C49H58O8N2	C30H38O4N2	
181000          3          3	 1	 1	 1	
# Timestep     No_Moles     No_Specs     C19H20O4	C49H58O8N2	C30H38O4N2	
182000          3          3	 1	 1	 1	
# Timestep     No_Moles     No_Specs     C19H20O4	C49H58O8N2	C30H38O4N2	
183000          3          3	 1	 1	 1	
# Timestep     No_Moles     No_Specs     C19H20O4	C79H96O12N4	
184000          2          2	 1	 1	
# Timestep     No_Moles     No_Specs     C19H20O4	C79H96O12N4	
185000          2          2	 1	 1	
# Timestep     No_Moles     No_Specs     C19H20O4	C49H58O8N2	C30H38O4N2	
186000          3          3	 1	 1	 1	
# Timestep     No_Moles     No_Specs     C19H20O4	C79H96O12N4	
187000          2          2	 1	 1	
# Timestep     No_Moles     No_Specs     C19H20O4	C79H96O12N4	
188000          2          2	 1	 1	
# Timestep     No_Moles     No_Specs     C19H20O4	C79H96O12N4	
189000          2          2	 1	 1	
# Timestep     No_Moles     No_Specs     C19H20O4	C49H58O8N2	C30H38O4N2	
190000          3          3	 1	 1	 1	
# Timestep     No_Moles     No_Specs     C19H20O4	C79H96O12N4	
191000          2          2	 1	 1	
# Timestep     No_Moles     No_Specs     C19H20O4	C49H58O8N2	C30H38O4N2	
192000          3          3	 1	 1	 1	
# Timestep     No_Moles     No_Specs     C19H20O4	C49H58O8N2	C30H38O4N2	
193000          3          3	 1	 1	 1	
# Timestep     No_Moles     No_Specs     C19H20O4	C49H58O8N2	C30H38O4N2	
194000          3          3	 1	 1	 1	
# Timestep     No_Moles     No_Specs     C19H20O4	C49H58O8N2	C30H38O4N2	
195000          3          3	 1	 1	 1	
# Timestep     No_Moles     No_Specs     C19H20O4	C49H58O8N2	C30H38O4N2	
196000          3          3	 1	 1	 1	
# Timestep     No_Moles     No_Specs     C19H20O4	C49H58O8N2	C30H38O4N2	
197000          3          3	 1	 1	 1	
# Timestep     No_Moles     No_Specs     C19H20O4	C49H58O8N2	C30H38O4N2	
198000          3          3	 1	 1	 1	
# Timestep     No_Moles     No_Specs     C19H20O4	C49H58O8N2	C30H38O4N2	
199000          3          3	 1	 1	 1	
# Timestep     No_Moles     No_Specs     C19H20O4	C49H58O8N2	C30H38O4N2	
200000          3          3	 1	 1	 1	
# Timestep     No_Moles     No_Specs     C19H20O4	C49H58O8N2	C30H38O4N2	
201000          3          3	 1	 1	 1	
# Timestep     No_Moles     No_Specs     C19H20O4	C79H96O12N4	
202000          2          2	 1	 1	
# Timestep     No_Moles     No_Specs     C19H20O4	C79H96O12N4	
203000          2          2	 1	 1	
# Timestep     No_Moles     No_Specs     C19H20O4	C79H96O12N4	
204000          2          2	 1	 1	
# Timestep     No_Moles     No_Specs     C19H20O4	C79H96O12N4	
205000          2          2	 1	 1	
# Timestep     No_Moles     No_Specs     C19H20O4	C79H96O12N4	
206000          2          2	 1	 1	
# Timestep     No_Moles     No_Specs     C19H20O4	C79H96O12N4	
207000          2          2	 1	 1	
# Timestep     No_Moles     No_Specs     C19H20O4	C79H96O12N4	
208000          2          2	 1	 1	
# Timestep     No_Moles     No_Specs     C19H20O4	C79H96O12N4	
209000          2          2	 1	 1	
# Timestep     No_Moles     No_Specs     C19H20O4	C79H96O12N4	
210000          2          2	 1	 1	
# Timestep     No_Moles     No_Specs     C19H20O4	C79H96O12N4	
211000          2          2	 1	 1	
# Timestep     No_Moles     No_Specs     C19H20O4	C79H96O12N4	
212000          2          2	 1	 1	
# Timestep     No_Moles     No_Specs     C19H20O4	C79H96O12N4	
213000          2          2	 1	 1	
# Timestep     No_Moles     No_Specs     C19H20O4	C79H96O12N4	
214000          2          2	 1	 1	
# Timestep     No_Moles     No_Specs     C19H20O4	C79H96O12N4	
215000          2          2	 1	 1	
# Timestep     No_Moles     No_Specs     C19H20O4	C79H96O12N4	
216000          2          2	 1	 1	
# Timestep     No_Moles     No_Specs     C19H20O4	C79H96O12N4	
217000          2          2	 1	 1	
# Timestep     No_Moles     No_Specs     C19H20O4	C79H96O12N4	
218000          2          2	 1	 1	
# Timestep     No_Moles     No_Specs     C19H20O4	C79H96O12N4	
219000          2          2	 1	 1	
# Timestep     No_Moles     No_Specs     C19H20O4	C79H96O12N4	
220000          2          2	 1	 1	
# Timestep     No_Moles     No_Specs     C19H20O4	C79H96O12N4	
221000          2          2	 1	 1	
# Timestep     No_Moles     No_Specs     C19H20O4	C79H96O12N4	
222000          2          2	 1	 1	
# Timestep     No_Moles     No_Specs     C19H20O4	C79H96O12N4	
223000          2          2	 1	 1	
# Timestep     No_Moles     No_Specs     C19H20O4	C79H96O12N4	
224000          2          2	 1	 1	
# Timestep     No_Moles     No_Specs     C19H20O4	C79H96O12N4	
225000          2          2	 1	 1	
# Timestep     No_Moles     No_Specs     C19H20O4	C79H96O12N4	
226000          2          2	 1	 1	
# Timestep     No_Moles     No_Specs     C19H20O4	C79H96O12N4	
227000          2          2	 1	 1	
# Timestep     No_Moles     No_Specs     C19H20O4	C79H96O12N4	
228000          2          2	 1	 1	
# Timestep     No_Moles     No_Specs     C19H20O4	C79H96O12N4	
229000          2          2	 1	 1	
# Timestep     No_Moles     No_Specs     C19H20O4	C79H96O12N4	
230000          2          2	 1	 1	
# Timestep     No_Moles     No_Specs     C19H20O4	C79H96O12N4	
231000          2          2	 1	 1	
# Timestep     No_Moles     No_Specs     C19H20O4	C79H96O12N4	
232000          2          2	 1	 1	
# Timestep     No_Moles     No_Specs     C19H20O4	C79H96O12N4	
233000          2          2	 1	 1	
# Timestep     No_Moles     No_Specs     C19H20O4	C79H96O12N4	
234000          2          2	 1	 1	
# Timestep     No_Moles     No_Specs     C19H20O4	C79H96O12N4	
235000          2          2	 1	 1	
# Timestep     No_Moles     No_Specs     C19H20O4	C79H96O12N4	
236000          2          2	 1	 1	
# Timestep     No_Moles     No_Specs     C19H20O4	C79H96O12N4	
237000          2          2	 1	 1	
# Timestep     No_Moles     No_Specs     C19H20O4	C79H96O12N4	
238000          2          2	 1	 1	
# Timestep     No_Moles     No_Specs     C19H20O4	C79H96O12N4	
239000          2          2	 1	 1	
# Timestep     No_Moles     No_Specs     C19H20O4	C79H96O12N4	
240000          2          2	 1	 1	
# Timestep     No_Moles     No_Specs     C19H20O4	C79H96O12N4	
241000          2          2	 1	 1	
# Timestep     No_Moles     No_Specs     C19H20O4	C79H96O12N4	
242000          2          2	 1	 1	
# Timestep     No_Moles     No_Specs     C19H20O4	C79H96O12N4	
243000          2          2	 1	 1	
# Timestep     No_Moles     No_Specs     C19H20O4	C79H96O12N4	
244000          2          2	 1	 1	
# Timestep     No_Moles     No_Specs     C19H20O4	C79H96O12N4	
245000          2          2	 1	 1	
# Timestep     No_Moles     No_Specs     C19H20O4	C79H96O12N4	
246000          2          2	 1	 1	
# Timestep     No_Moles     No_Specs     C19H20O4	C79H96O12N4	
247000          2          2	 1	 1	
# Timestep     No_Moles     No_Specs     C19H20O4	C79H96O12N4	
248000          2          2	 1	 1	
# Timestep     No_Moles     No_Specs     C19H20O4	C79H96O12N4	
249000          2          2	 1	 1	
# Timestep     No_Moles     No_Specs     C19H20O4	C79H96O12N4	
250000          2          2	 1	 1	
# Timestep     No_Moles     No_Specs     C19H20O4	C79H96O12N4	
251000          2          2	 1	 1	
# Timestep     No_Moles     No_Specs     C19H20O4	C79H96O12N4	
252000          2          2	 1	 1	
# Timestep     No_Moles     No_Specs     C19H20O4	C79H96O12N4	
253000          2          2	 1	 1	
# Timestep     No_Moles     No_Specs     C19H20O4	C79H96O12N4	
254000          2          2	 1	 1	
# Timestep     No_Moles     No_Specs     C19H20O4	C79H96O12N4	
255000          2          2	 1	 1	
# Timestep     No_Moles     No_Specs     C19H20O4	C79H96O12N4	
256000          2          2	 1	 1	
# Timestep     No_Moles     No_Specs     C19H20O4	C79H96O12N4	
257000          2          2	 1	 1	
# Timestep     No_Moles     No_Specs     C19H20O4	C79H96O12N4	
258000          2          2	 1	 1	
# Timestep     No_Moles     No_Specs     C19H20O4	C79H96O12N4	
259000          2          2	 1	 1	
# Timestep     No_Moles     No_Specs     C19H20O4	C79H96O12N4	
260000          2          2	 1	 1	
# Timestep     No_Moles     No_Specs     C19H20O4	C79H96O12N4	
261000          2          2	 1	 1	
# Timestep     No_Moles     No_Specs     C19H20O4	C79H96O12N4	
262000          2          2	 1	 1	
# Timestep     No_Moles     No_Specs     C19H20O4	C79H96O12N4	
263000          2          2	 1	 1	
# Timestep     No_Moles     No_Specs     C19H20O4	C79H96O12N4	
264000          2          2	 1	 1	
# Timestep     No_Moles     No_Specs     C19H20O4	C79H96O12N4	
265000          2          2	 1	 1	
# Timestep     No_Moles     No_Specs     C19H20O4	C79H96O12N4	
266000          2          2	 1	 1	
# Timestep     No_Moles     No_Specs     C19H20O4	C79H96O12N4	
267000          2          2	 1	 1	
# Timestep     No_Moles     No_Specs     C19H20O4	C79H96O12N4	
268000          2          2	 1	 1	
# Timestep     No_Moles     No_Specs     C19H20O4	C79H96O12N4	
269000          2          2	 1	 1	
# Timestep     No_Moles     No_Specs     C19H20O4	C79H96O12N4	
270000          2          2	 1	 1	
# Timestep     No_Moles     No_Specs     C19H20O4	C79H96O12N4	
271000          2          2	 1	 1	
# Timestep     No_Moles     No_Specs     C19H20O4	C79H96O12N4	
272000          2          2	 1	 1	
# Timestep     No_Moles     No_Specs     C19H20O4	C79H96O12N4	
273000          2          2	 1	 1	
# Timestep     No_Moles     No_Specs     C19H20O4	C79H96O12N4	
274000          2          2	 1	 1	
# Timestep     No_Moles     No_Specs     C19H20O4	C79H96O12N4	
275000          2          2	 1	 1	
# Timestep     No_Moles     No_Specs     C19H20O4	C79H96O12N4	
276000          2          2	 1	 1	
# Timestep     No_Moles     No_Specs     C19H20O4	C79H96O12N4	
277000          2          2	 1	 1	
# Timestep     No_Moles     No_Specs     C19H20O4	C79H96O12N4	
278000          2          2	 1	 1	
# Timestep     No_Moles     No_Specs     C19H20O4	C79H96O12N4	
279000          2          2	 1	 1	
# Timestep     No_Moles     No_Specs     C19H20O4	C79H96O12N4	
280000          2          2	 1	 1	
# Timestep     No_Moles     No_Specs     C19H20O4	C79H96O12N4	
281000          2          2	 1	 1	
# Timestep     No_Moles     No_Specs     C19H20O4	C79H96O12N4	
282000          2          2	 1	 1	
# Timestep     No_Moles     No_Specs     C19H20O4	C79H96O12N4	
283000          2          2	 1	 1	
# Timestep     No_Moles     No_Specs     C19H20O4	C79H96O12N4	
284000          2          2	 1	 1	
# Timestep     No_Moles     No_Specs     C19H20O4	C79H96O12N4	
285000          2          2	 1	 1	
# Timestep     No_Moles     No_Specs     C19H20O4	C79H96O12N4	
286000          2          2	 1	 1	
# Timestep     No_Moles     No_Specs     C19H20O4	C79H96O12N4	
287000          2          2	 1	 1	
# Timestep     No_Moles     No_Specs     C19H20O4	C79H96O12N4	
288000          2          2	 1	 1	
# Timestep     No_Moles     No_Specs     C19H20O4	C79H96O12N4	
289000          2          2	 1	 1	
# Timestep     No_Moles     No_Specs     C19H20O4	C79H96O12N4	
290000          2          2	 1	 1	
# Timestep     No_Moles     No_Specs     C19H20O4	C79H96O12N4	
291000          2          2	 1	 1	
# Timestep     No_Moles     No_Specs     C19H20O4	C79H96O12N4	
292000          2          2	 1	 1	
# Timestep     No_Moles     No_Specs     C19H20O4	C79H96O12N4	
293000          2          2	 1	 1	
# Timestep     No_Moles     No_Specs     C19H20O4	C79H96O12N4	
294000          2          2	 1	 1	
# Timestep     No_Moles     No_Specs     C19H20O4	C79H96O12N4	
295000          2          2	 1	 1	
# Timestep     No_Moles     No_Specs     C19H20O4	C79H96O12N4	
296000          2          2	 1	 1	
# Timestep     No_Moles     No_Specs     C19H20O4	C79H96O12N4	
297000          2          2	 1	 1	
# Timestep     No_Moles     No_Specs     C19H20O4	C79H96O12N4	
298000          2          2	 1	 1	
# Timestep     No_Moles     No_Specs     C19H20O4	C79H96O12N4	
299000          2          2	 1	 1	
# Timestep     No_Moles     No_Specs     C19H20O4	C79H96O12N4	
300000          2          2	 1	 1	
# Timestep     No_Moles     No_Specs     C19H20O4	C79H96O12N4	
301000          2          2	 1	 1	
# Timestep     No_Moles     No_Specs     C19H20O4	C79H96O12N4	
302000          2          2	 1	 1	
# Timestep     No_Moles     No_Specs     C19H20O4	C79H96O12N4	
303000          2          2	 1	 1	
# Timestep     No_Moles     No_Specs     C19H20O4	C79H96O12N4	
304000          2          2	 1	 1	
# Timestep     No_Moles     No_Specs     C19H20O4	C79H96O12N4	
305000          2          2	 1	 1	
# Timestep     No_Moles     No_Specs     C19H20O4	C79H96O12N4	
306000          2          2	 1	 1	
# Timestep     No_Moles     No_Specs     C19H20O4	C79H96O12N4	
307000          2          2	 1	 1	
# Timestep     No_Moles     No_Specs     C19H20O4	C79H96O12N4	
308000          2          2	 1	 1	
# Timestep     No_Moles     No_Specs     C19H20O4	C79H96O12N4	
309000          2          2	 1	 1	
# Timestep     No_Moles     No_Specs     C19H20O4	C79H96O12N4	
310000          2          2	 1	 1	
# Timestep     No_Moles     No_Specs     C19H20O4	C79H96O12N4	
311000          2          2	 1	 1	
# Timestep     No_Moles     No_Specs     C19H20O4	C79H96O12N4	
312000          2          2	 1	 1	
# Timestep     No_Moles     No_Specs     C19H20O4	C79H96O12N4	
313000          2          2	 1	 1	
# Timestep     No_Moles     No_Specs     C19H20O4	C79H96O12N4	
314000          2          2	 1	 1	
# Timestep     No_Moles     No_Specs     C19H20O4	C79H96O12N4	
315000          2          2	 1	 1	
# Timestep     No_Moles     No_Specs     C19H20O4	C79H96O12N4	
316000          2          2	 1	 1	
# Timestep     No_Moles     No_Specs     C19H20O4	C79H96O12N4	
317000          2          2	 1	 1	
# Timestep     No_Moles     No_Specs     C19H20O4	C79H96O12N4	
318000          2          2	 1	 1	
# Timestep     No_Moles     No_Specs     C19H20O4	C79H96O12N4	
319000          2          2	 1	 1	
# Timestep     No_Moles     No_Specs     C19H20O4	C79H96O12N4	
320000          2          2	 1	 1	
# Timestep     No_Moles     No_Specs     C19H20O4	C79H96O12N4	
321000          2          2	 1	 1	
# Timestep     No_Moles     No_Specs     C19H20O4	C79H96O12N4	
322000          2          2	 1	 1	
# Timestep     No_Moles     No_Specs     C19H20O4	C79H96O12N4	
323000          2          2	 1	 1	
# Timestep     No_Moles     No_Specs     C19H20O4	C79H96O12N4	
324000          2          2	 1	 1	
# Timestep     No_Moles     No_Specs     C19H20O4	C79H96O12N4	
325000          2          2	 1	 1	
# Timestep     No_Moles     No_Specs     C19H20O4	C79H96O12N4	
326000          2          2	 1	 1	
# Timestep     No_Moles     No_Specs     C19H20O4	C79H96O12N4	
327000          2          2	 1	 1	
# Timestep     No_Moles     No_Specs     C19H20O4	C79H96O12N4	
328000          2          2	 1	 1	
# Timestep     No_Moles     No_Specs     C19H20O4	C79H96O12N4	
329000          2          2	 1	 1	
# Timestep     No_Moles     No_Specs     C19H20O4	C79H96O12N4	
330000          2          2	 1	 1	
# Timestep     No_Moles     No_Specs     C19H20O4	C79H96O12N4	
331000          2          2	 1	 1	
# Timestep     No_Moles     No_Specs     C19H20O4	C79H96O12N4	
332000          2          2	 1	 1	
# Timestep     No_Moles     No_Specs     C19H20O4	C79H96O12N4	
333000          2          2	 1	 1	
# Timestep     No_Moles     No_Specs     C19H20O4	C79H96O12N4	
334000          2          2	 1	 1	
# Timestep     No_Moles     No_Specs     C19H20O4	C79H96O12N4	
335000          2          2	 1	 1	
# Timestep     No_Moles     No_Specs     C19H20O4	C79H96O12N4	
336000          2          2	 1	 1	
# Timestep     No_Moles     No_Specs     C19H20O4	C79H96O12N4	
337000          2          2	 1	 1	
# Timestep     No_Moles     No_Specs     C19H20O4	C79H96O12N4	
338000          2          2	 1	 1	
# Timestep     No_Moles     No_Specs     C19H20O4	C79H96O12N4	
339000          2          2	 1	 1	
# Timestep     No_Moles     No_Specs     C19H20O4	C79H96O12N4	
340000          2          2	 1	 1	
# Timestep     No_Moles     No_Specs     C19H20O4	C79H96O12N4	
341000          2          2	 1	 1	
# Timestep     No_Moles     No_Specs     C19H20O4	C79H96O12N4	
342000          2          2	 1	 1	
# Timestep     No_Moles     No_Specs     C19H20O4	C79H96O12N4	
343000          2          2	 1	 1	
# Timestep     No_Moles     No_Specs     C19H20O4	C79H96O12N4	
344000          2          2	 1	 1	
# Timestep     No_Moles     No_Specs     C19H20O4	C79H96O12N4	
345000          2          2	 1	 1	
# Timestep     No_Moles     No_Specs     C19H20O4	C79H96O12N4	
346000          2          2	 1	 1	
# Timestep     No_Moles     No_Specs     C19H20O4	C79H96O12N4	
347000          2          2	 1	 1	
# Timestep     No_Moles     No_Specs     C19H20O4	C79H96O12N4	
348000          2          2	 1	 1	
# Timestep     No_Moles     No_Specs     C19H20O4	C79H96O12N4	
349000          2          2	 1	 1	
# Timestep     No_Moles     No_Specs     C19H20O4	C79H96O12N4	
350000          2          2	 1	 1	
# Timestep     No_Moles     No_Specs     C19H20O4	C79H96O12N4	
351000          2          2	 1	 1	
# Timestep     No_Moles     No_Specs     C19H20O4	C79H96O12N4	
352000          2          2	 1	 1	
# Timestep     No_Moles     No_Specs     C19H20O4	C79H96O12N4	
353000          2          2	 1	 1	
# Timestep     No_Moles     No_Specs     C19H20O4	C79H96O12N4	
354000          2          2	 1	 1	
# Timestep     No_Moles     No_Specs     C19H20O4	C79H96O12N4	
355000          2          2	 1	 1	
# Timestep     No_Moles     No_Specs     C19H20O4	C79H96O12N4	
356000          2          2	 1	 1	
# Timestep     No_Moles     No_Specs     C19H20O4	C79H96O12N4	
357000          2          2	 1	 1	
# Timestep     No_Moles     No_Specs     C19H20O4	C79H96O12N4	
358000          2          2	 1	 1	
# Timestep     No_Moles     No_Specs     C19H20O4	C79H96O12N4	
359000          2          2	 1	 1	
# Timestep     No_Moles     No_Specs     C19H20O4	C79H96O12N4	
360000          2          2	 1	 1	
# Timestep     No_Moles     No_Specs     C19H20O4	C79H96O12N4	
361000          2          2	 1	 1	
# Timestep     No_Moles     No_Specs     C19H20O4	C79H96O12N4	
362000          2          2	 1	 1	
# Timestep     No_Moles     No_Specs     C19H20O4	C79H96O12N4	
363000          2          2	 1	 1	
# Timestep     No_Moles     No_Specs     C19H20O4	C79H96O12N4	
364000          2          2	 1	 1	
# Timestep     No_Moles     No_Specs     C19H20O4	C79H96O12N4	
365000          2          2	 1	 1	
# Timestep     No_Moles     No_Specs     C19H20O4	C79H96O12N4	
366000          2          2	 1	 1	
# Timestep     No_Moles     No_Specs     C19H20O4	C79H96O12N4	
367000          2          2	 1	 1	
# Timestep     No_Moles     No_Specs     C19H20O4	C79H96O12N4	
368000          2          2	 1	 1	
# Timestep     No_Moles     No_Specs     C19H20O4	C79H96O12N4	
369000          2          2	 1	 1	
# Timestep     No_Moles     No_Specs     C19H20O4	C79H96O12N4	
370000          2          2	 1	 1	
# Timestep     No_Moles     No_Specs     C19H20O4	C79H96O12N4	
371000          2          2	 1	 1	
# Timestep     No_Moles     No_Specs     C19H20O4	C79H96O12N4	
372000          2          2	 1	 1	
# Timestep     No_Moles     No_Specs     C19H20O4	C79H96O12N4	
373000          2          2	 1	 1	
# Timestep     No_Moles     No_Specs     C19H20O4	C79H96O12N4	
374000          2          2	 1	 1	
# Timestep     No_Moles     No_Specs     C19H20O4	C79H96O12N4	
375000          2          2	 1	 1	
# Timestep     No_Moles     No_Specs     C19H20O4	C79H96O12N4	
376000          2          2	 1	 1	
# Timestep     No_Moles     No_Specs     C19H20O4	C79H96O12N4	
377000          2          2	 1	 1	
# Timestep     No_Moles     No_Specs     C19H20O4	C79H96O12N4	
378000          2          2	 1	 1	
# Timestep     No_Moles     No_Specs     C19H20O4	C79H96O12N4	
379000          2          2	 1	 1	
# Timestep     No_Moles     No_Specs     C19H20O4	C79H96O12N4	
380000          2          2	 1	 1	
# Timestep     No_Moles     No_Specs     C19H20O4	C79H96O12N4	
381000          2          2	 1	 1	
# Timestep     No_Moles     No_Specs     C19H20O4	C79H96O12N4	
382000          2          2	 1	 1	
# Timestep     No_Moles     No_Specs     C19H20O4	C79H96O12N4	
383000          2          2	 1	 1	
# Timestep     No_Moles     No_Specs     C19H20O4	C79H96O12N4	
384000          2          2	 1	 1	
# Timestep     No_Moles     No_Specs     C19H20O4	C79H96O12N4	
385000          2          2	 1	 1	
# Timestep     No_Moles     No_Specs     C19H20O4	C79H96O12N4	
386000          2          2	 1	 1	
# Timestep     No_Moles     No_Specs     C19H20O4	C79H96O12N4	
387000          2          2	 1	 1	
# Timestep     No_Moles     No_Specs     C19H20O4	C79H96O12N4	
388000          2          2	 1	 1	
# Timestep     No_Moles     No_Specs     C19H20O4	C79H96O12N4	
389000          2          2	 1	 1	
# Timestep     No_Moles     No_Specs     C19H20O4	C79H96O12N4	
390000          2          2	 1	 1	
# Timestep     No_Moles     No_Specs     C19H20O4	C79H96O12N4	
391000          2          2	 1	 1	
# Timestep     No_Moles     No_Specs     C19H20O4	C79H96O12N4	
392000          2          2	 1	 1	
# Timestep     No_Moles     No_Specs     C19H20O4	C79H96O12N4	
393000          2          2	 1	 1	
# Timestep     No_Moles     No_Specs     C19H20O4	C79H96O12N4	
394000          2          2	 1	 1	
# Timestep     No_Moles     No_Specs     C19H20O4	C79H96O12N4	
395000          2          2	 1	 1	
# Timestep     No_Moles     No_Specs     C19H20O4	C79H96O12N4	
396000          2          2	 1	 1	
# Timestep     No_Moles     No_Specs     C19H20O4	C79H96O12N4	
397000          2          2	 1	 1	
# Timestep     No_Moles     No_Specs     C19H20O4	C79H96O12N4	
398000          2          2	 1	 1	
# Timestep     No_Moles     No_Specs     C19H20O4	C79H96O12N4	
399000          2          2	 1	 1	
# Timestep     No_Moles     No_Specs     C19H20O4	C79H96O12N4	
400000          2          2	 1	 1	
# Timestep     No_Moles     No_Specs     C19H20O4	C79H96O12N4	
401000          2          2	 1	 1	
# Timestep     No_Moles     No_Specs     C19H20O4	C79H96O12N4	
402000          2          2	 1	 1	
# Timestep     No_Moles     No_Specs     C19H20O4	C79H96O12N4	
403000          2          2	 1	 1	
# Timestep     No_Moles     No_Specs     C19H20O4	C79H96O12N4	
404000          2          2	 1	 1	
# Timestep     No_Moles     No_Specs     C19H20O4	C79H96O12N4	
405000          2          2	 1	 1	
# Timestep     No_Moles     No_Specs     C19H20O4	C79H96O12N4	
406000          2          2	 1	 1	
# Timestep     No_Moles     No_Specs     C19H20O4	C79H96O12N4	
407000          2          2	 1	 1	
# Timestep     No_Moles     No_Specs     C19H20O4	C79H96O12N4	
408000          2          2	 1	 1	
# Timestep     No_Moles     No_Specs     C19H20O4	C79H96O12N4	
409000          2          2	 1	 1	
# Timestep     No_Moles     No_Specs     C19H20O4	C79H96O12N4	
410000          2          2	 1	 1	
# Timestep     No_Moles     No_Specs     C19H20O4	C79H96O12N4	
411000          2          2	 1	 1	
# Timestep     No_Moles     No_Specs     C19H20O4	C79H96O12N4	
412000          2          2	 1	 1	
# Timestep     No_Moles     No_Specs     C19H20O4	C79H96O12N4	
413000          2          2	 1	 1	
# Timestep     No_Moles     No_Specs     C19H20O4	C79H96O12N4	
414000          2          2	 1	 1	
# Timestep     No_Moles     No_Specs     C19H20O4	C79H96O12N4	
415000          2          2	 1	 1	
# Timestep     No_Moles     No_Specs     C19H20O4	C79H96O12N4	
416000          2          2	 1	 1	
# Timestep     No_Moles     No_Specs     C19H20O4	C79H96O12N4	
417000          2          2	 1	 1	
# Timestep     No_Moles     No_Specs     C19H20O4	C79H96O12N4	
418000          2          2	 1	 1	
# Timestep     No_Moles     No_Specs     C19H20O4	C79H96O12N4	
419000          2          2	 1	 1	
# Timestep     No_Moles     No_Specs     C19H20O4	C79H96O12N4	
420000          2          2	 1	 1	
# Timestep     No_Moles     No_Specs     C19H20O4	C79H96O12N4	
421000          2          2	 1	 1	
# Timestep     No_Moles     No_Specs     C19H20O4	C79H96O12N4	
422000          2          2	 1	 1	
# Timestep     No_Moles     No_Specs     C19H20O4	C79H96O12N4	
423000          2          2	 1	 1	
# Timestep     No_Moles     No_Specs     C19H20O4	C79H96O12N4	
424000          2          2	 1	 1	
# Timestep     No_Moles     No_Specs     C19H20O4	C79H96O12N4	
425000          2          2	 1	 1	
# Timestep     No_Moles     No_Specs     C19H20O4	C79H96O12N4	
426000          2          2	 1	 1	
# Timestep     No_Moles     No_Specs     C19H20O4	C79H96O12N4	
427000          2          2	 1	 1	
# Timestep     No_Moles     No_Specs     C19H20O4	C79H96O12N4	
428000          2          2	 1	 1	
# Timestep     No_Moles     No_Specs     C19H20O4	C79H96O12N4	
429000          2          2	 1	 1	
# Timestep     No_Moles     No_Specs     C19H20O4	C79H96O12N4	
430000          2          2	 1	 1	
# Timestep     No_Moles     No_Specs     C19H20O4	C79H96O12N4	
431000          2          2	 1	 1	
# Timestep     No_Moles     No_Specs     C19H20O4	C79H96O12N4	
432000          2          2	 1	 1	
# Timestep     No_Moles     No_Specs     C19H20O4	C79H96O12N4	
433000          2          2	 1	 1	
# Timestep     No_Moles     No_Specs     C19H20O4	C79H96O12N4	
434000          2          2	 1	 1	
# Timestep     No_Moles     No_Specs     C19H20O4	C79H96O12N4	
435000          2          2	 1	 1	
# Timestep     No_Moles     No_Specs     C19H20O4	C79H96O12N4	
436000          2          2	 1	 1	
# Timestep     No_Moles     No_Specs     C19H20O4	C79H96O12N4	
437000          2          2	 1	 1	
# Timestep     No_Moles     No_Specs     C19H20O4	C79H96O12N4	
438000          2          2	 1	 1	
# Timestep     No_Moles     No_Specs     C19H20O4	C79H96O12N4	
439000          2          2	 1	 1	
# Timestep     No_Moles     No_Specs     C19H20O4	C79H96O12N4	
440000          2          2	 1	 1	
# Timestep     No_Moles     No_Specs     C19H20O4	C79H96O12N4	
441000          2          2	 1	 1	
# Timestep     No_Moles     No_Specs     C19H20O4	C79H96O12N4	
442000          2          2	 1	 1	
# Timestep     No_Moles     No_Specs     C19H20O4	C79H96O12N4	
443000          2          2	 1	 1	
# Timestep     No_Moles     No_Specs     C19H20O4	C79H96O12N4	
444000          2          2	 1	 1	
# Timestep     No_Moles     No_Specs     C19H20O4	C79H96O12N4	
445000          2          2	 1	 1	
# Timestep     No_Moles     No_Specs     C19H20O4	C79H96O12N4	
446000          2          2	 1	 1	
# Timestep     No_Moles     No_Specs     C19H20O4	C79H96O12N4	
447000          2          2	 1	 1	
# Timestep     No_Moles     No_Specs     C19H20O4	C79H96O12N4	
448000          2          2	 1	 1	
# Timestep     No_Moles     No_Specs     C19H20O4	C79H96O12N4	
449000          2          2	 1	 1	
# Timestep     No_Moles     No_Specs     C19H20O4	C79H96O12N4	
450000          2          2	 1	 1	
# Timestep     No_Moles     No_Specs     C19H20O4	C79H96O12N4	
451000          2          2	 1	 1	
# Timestep     No_Moles     No_Specs     C19H20O4	C79H96O12N4	
452000          2          2	 1	 1	
# Timestep     No_Moles     No_Specs     C19H20O4	C79H96O12N4	
453000          2          2	 1	 1	
# Timestep     No_Moles     No_Specs     C19H20O4	C79H96O12N4	
454000          2          2	 1	 1	
# Timestep     No_Moles     No_Specs     C19H20O4	C79H96O12N4	
455000          2          2	 1	 1	
# Timestep     No_Moles     No_Specs     C19H20O4	C79H96O12N4	
456000          2          2	 1	 1	
# Timestep     No_Moles     No_Specs     C19H20O4	C79H96O12N4	
457000          2          2	 1	 1	
# Timestep     No_Moles     No_Specs     C19H20O4	C79H96O12N4	
458000          2          2	 1	 1	
# Timestep     No_Moles     No_Specs     C19H20O4	C79H96O12N4	
459000          2          2	 1	 1	
# Timestep     No_Moles     No_Specs     C19H20O4	C79H96O12N4	
460000          2          2	 1	 1	
# Timestep     No_Moles     No_Specs     C19H20O4	C79H96O12N4	
461000          2          2	 1	 1	
# Timestep     No_Moles     No_Specs     C19H20O4	C79H96O12N4	
462000          2          2	 1	 1	
# Timestep     No_Moles     No_Specs     C19H20O4	C79H96O12N4	
463000          2          2	 1	 1	
# Timestep     No_Moles     No_Specs     C19H20O4	C79H96O12N4	
464000          2          2	 1	 1	
# Timestep     No_Moles     No_Specs     C19H20O4	C79H96O12N4	
465000          2          2	 1	 1	
# Timestep     No_Moles     No_Specs     C19H20O4	C79H96O12N4	
466000          2          2	 1	 1	
# Timestep     No_Moles     No_Specs     C19H20O4	C79H96O12N4	
467000          2          2	 1	 1	
# Timestep     No_Moles     No_Specs     C19H20O4	C79H96O12N4	
468000          2          2	 1	 1	
# Timestep     No_Moles     No_Specs     C19H20O4	C79H96O12N4	
469000          2          2	 1	 1	
# Timestep     No_Moles     No_Specs     C19H20O4	C79H96O12N4	
470000          2          2	 1	 1	
# Timestep     No_Moles     No_Specs     C19H20O4	C79H96O12N4	
471000          2          2	 1	 1	
# Timestep     No_Moles     No_Specs     C19H20O4	C79H96O12N4	
472000          2          2	 1	 1	
# Timestep     No_Moles     No_Specs     C19H20O4	C79H96O12N4	
473000          2          2	 1	 1	
# Timestep     No_Moles     No_Specs     C19H20O4	C79H96O12N4	
474000          2          2	 1	 1	
# Timestep     No_Moles     No_Specs     C19H20O4	C79H96O12N4	
475000          2          2	 1	 1	
# Timestep     No_Moles     No_Specs     C19H20O4	C79H96O12N4	
476000          2          2	 1	 1	
# Timestep     No_Moles     No_Specs     C19H20O4	C79H96O12N4	
477000          2          2	 1	 1	
# Timestep     No_Moles     No_Specs     C19H20O4	C79H96O12N4	
478000          2          2	 1	 1	
# Timestep     No_Moles     No_Specs     C19H20O4	C79H96O12N4	
479000          2          2	 1	 1	
# Timestep     No_Moles     No_Specs     C19H20O4	C79H96O12N4	
480000          2          2	 1	 1	
# Timestep     No_Moles     No_Specs     C19H20O4	C79H96O12N4	
481000          2          2	 1	 1	
# Timestep     No_Moles     No_Specs     C19H20O4	C79H96O12N4	
482000          2          2	 1	 1	
# Timestep     No_Moles     No_Specs     C19H20O4	C79H96O12N4	
483000          2          2	 1	 1	
# Timestep     No_Moles     No_Specs     C19H20O4	C79H96O12N4	
484000          2          2	 1	 1	
# Timestep     No_Moles     No_Specs     C19H20O4	C79H96O12N4	
485000          2          2	 1	 1	
# Timestep     No_Moles     No_Specs     C19H20O4	C79H96O12N4	
486000          2          2	 1	 1	
# Timestep     No_Moles     No_Specs     C19H20O4	C79H96O12N4	
487000          2          2	 1	 1	
# Timestep     No_Moles     No_Specs     C19H20O4	C79H96O12N4	
488000          2          2	 1	 1	
# Timestep     No_Moles     No_Specs     C19H20O4	C79H96O12N4	
489000          2          2	 1	 1	
# Timestep     No_Moles     No_Specs     C19H20O4	C79H96O12N4	
490000          2          2	 1	 1	
# Timestep     No_Moles     No_Specs     C19H20O4	C79H96O12N4	
491000          2          2	 1	 1	
# Timestep     No_Moles     No_Specs     C19H20O4	C79H96O12N4	
492000          2          2	 1	 1	
# Timestep     No_Moles     No_Specs     C19H20O4	C79H96O12N4	
493000          2          2	 1	 1	
# Timestep     No_Moles     No_Specs     C19H20O4	C79H96O12N4	
494000          2          2	 1	 1	
# Timestep     No_Moles     No_Specs     C19H20O4	C79H96O12N4	
495000          2          2	 1	 1	
# Timestep     No_Moles     No_Specs     C19H20O4	C79H96O12N4	
496000          2          2	 1	 1	
# Timestep     No_Moles     No_Specs     C19H20O4	C79H96O12N4	
497000          2          2	 1	 1	
# Timestep     No_Moles     No_Specs     C19H20O4	C79H96O12N4	
498000          2          2	 1	 1	
# Timestep     No_Moles     No_Specs     C19H20O4	C79H96O12N4	
499000          2          2	 1	 1	
# Timestep     No_Moles     No_Specs     C19H20O4	C79H96O12N4	
500000          2          2	 1	 1	
# Timestep     No_Moles     No_Specs     C19H20O4	C79H96O12N4	
501000          2          2	 1	 1	
# Timestep     No_Moles     No_Specs     C19H20O4	C79H96O12N4	
502000          2          2	 1	 1	
# Timestep     No_Moles     No_Specs     C19H20O4	C79H96O12N4	
503000          2          2	 1	 1	
# Timestep     No_Moles     No_Specs     C19H20O4	C79H96O12N4	
504000          2          2	 1	 1	
# Timestep     No_Moles     No_Specs     C19H20O4	C79H96O12N4	
505000          2          2	 1	 1	
# Timestep     No_Moles     No_Specs     C19H20O4	C79H96O12N4	
506000          2          2	 1	 1	
